<?xml version="1.0" encoding="UTF-8"?>
<!-- Generated by org.testng.reporters.JUnitXMLReporter -->
<testsuite ignored="0" hostname="LAPTOP-M4O2H3ES" failures="1" tests="1" name="Default test" time="3.546" errors="0" timestamp="2025-04-15T09:41:04 IST">
  <testcase classname="io.cucumber.testng.AbstractTestNGCucumberTests" name="runScenario" time="1.738">
    <failure type="java.lang.NullPointerException" message="Cannot invoke &amp;quot;java.lang.Boolean.booleanValue()&amp;quot; because the return value of &amp;quot;StepDefinitions.StepContext.getResult()&amp;quot; is null">
      <![CDATA[java.lang.NullPointerException: Cannot invoke "java.lang.Boolean.booleanValue()" because the return value of "StepDefinitions.StepContext.getResult()" is null
at StepDefinitions.Hooks.afterStep(Hooks.java:121)
]]>
    </failure>
  </testcase> <!-- runScenario -->
</testsuite> <!-- Default test -->
