<?xml version="1.0" encoding="UTF-8"?>
<testng-results ignored="0" total="1" passed="0" failed="1" skipped="0">
  <reporter-output>
  </reporter-output>
  <suite started-at="2025-04-15T09:41:01 IST" name="Default suite" finished-at="2025-04-15T09:41:04 IST" duration-ms="3546">
    <groups>
      <group name="cucumber">
        <method signature="AbstractTestNGCucumberTests.runScenario(io.cucumber.testng.PickleWrapper,io.cucumber.testng.FeatureWrapper)[pri:0, instance:Runner.ParallelTestRunner@1b1637e1]" name="runScenario" class="io.cucumber.testng.AbstractTestNGCucumberTests"/>
      </group> <!-- cucumber -->
    </groups>
    <test started-at="2025-04-15T09:41:01 IST" name="Default test" finished-at="2025-04-15T09:41:04 IST" duration-ms="3546">
      <class name="Runner.ParallelTestRunner">
        <test-method is-config="true" signature="setUpClass(org.testng.ITestContext)[pri:0, instance:Runner.ParallelTestRunner@1b1637e1]" started-at="2025-04-15T09:41:01 IST" name="setUpClass" finished-at="2025-04-15T09:41:02 IST" duration-ms="1601" status="PASS">
          <params>
            <param index="0">
              <value>
                <![CDATA[org.testng.TestRunner@1e734eee]]>
              </value>
            </param>
          </params>
          <reporter-output>
          </reporter-output>
        </test-method> <!-- setUpClass -->
        <test-method signature="runScenario(io.cucumber.testng.PickleWrapper,io.cucumber.testng.FeatureWrapper)[pri:0, instance:Runner.ParallelTestRunner@1b1637e1]" started-at="2025-04-15T09:41:02 IST" name="runScenario" description="Runs Cucumber Scenarios" data-provider="scenarios" finished-at="2025-04-15T09:41:04 IST" duration-ms="1738" status="FAIL">
          <params>
            <param index="0">
              <value>
                <![CDATA["Registering the new user with valid detials"]]>
              </value>
            </param>
            <param index="1">
              <value>
                <![CDATA["Xalts SignUP"]]>
              </value>
            </param>
          </params>
          <exception class="java.lang.NullPointerException">
            <message>
              <![CDATA[Cannot invoke "java.lang.Boolean.booleanValue()" because the return value of "StepDefinitions.StepContext.getResult()" is null]]>
            </message>
            <full-stacktrace>
              <![CDATA[java.lang.NullPointerException: Cannot invoke "java.lang.Boolean.booleanValue()" because the return value of "StepDefinitions.StepContext.getResult()" is null
at StepDefinitions.Hooks.afterStep(Hooks.java:121)
]]>
            </full-stacktrace>
          </exception> <!-- java.lang.NullPointerException -->
          <reporter-output>
          </reporter-output>
        </test-method> <!-- runScenario -->
        <test-method is-config="true" signature="tearDownClass()[pri:0, instance:Runner.ParallelTestRunner@1b1637e1]" started-at="2025-04-15T09:41:04 IST" name="tearDownClass" finished-at="2025-04-15T09:41:04 IST" duration-ms="127" status="PASS">
          <reporter-output>
          </reporter-output>
        </test-method> <!-- tearDownClass -->
      </class> <!-- Runner.ParallelTestRunner -->
    </test> <!-- Default test -->
  </suite> <!-- Default suite -->
</testng-results>
